<div class="story">
<h1></h1>
<div class="path">stories/consult_dictionary/BlibliLogin.story</div>
<div class="narrative"><h2>Narrative:</h2>
<div class="element inOrderTo"><span class="keyword inOrderTo">As a</span> user</div>
<div class="element asA"><span class="keyword asA">I want to</span> perform an action</div>
<div class="element iWantTo"><span class="keyword iWantTo">So that</span> I can achieve a business goal</div>
</div>
<div class="scenario">
<h2>Scenario: Go to blibli site and login</h2>
<div class="step successful">Given open home page</div>
<div class="step successful">When I login to blibli</div>
<div class="step successful">Then I can see my name in the site</div>
<div class="step successful">Given already logged in</div>
<div class="step successful">When I search item</div>
<div class="step successful">And I add to cart</div>
<div class="step successful">Then Item already in cart</div>
<div class="step successful">Given Item already in cart</div>
<div class="step successful">When I checkout</div>
<div class="step failed">And I choose payment options <span class="keyword failed">(FAILED)</span><br/><span class="message failed">net.serenitybdd.core.exceptions.SerenityManagedException: Unable to locate element: {&quot;method&quot;:&quot;id&quot;,&quot;selector&quot;:&quot;gdn-payment-option-KlikBCA&quot;}
Command duration or timeout: 2.10 seconds
For documentation on this error, please visit: http://seleniumhq.org/exceptions/no_such_element.html
Build info: version: '2.53.1', revision: 'a36b8b1cd5757287168e54b817830adce9b0158d', time: '2016-06-30 19:26:09'
System info: host: 'Azhalias-MacBook-Pro.local', ip: '127.0.0.1', os.name: 'Mac OS X', os.arch: 'x86_64', os.version: '10.12.5', java.version: '1.8.0_121'
Driver info: org.openqa.selenium.firefox.FirefoxDriver
Capabilities [{applicationCacheEnabled=true, rotatable=false, handlesAlerts=true, databaseEnabled=true, version=46.0.1, platform=MAC, nativeEvents=false, acceptSslCerts=true, webStorageEnabled=true, locationContextEnabled=true, browserName=firefox, takesScreenshot=true, javascriptEnabled=true, cssSelectorsEnabled=true}]
Session ID: e6cfb74c-b903-d14a-9ead-66b8d02a057c
*** Element info: {Using=id, value=gdn-payment-option-KlikBCA}</span></div>
<div class="step notPerformed">And I confirm payment method <span class="keyword notPerformed">(NOT PERFORMED)</span></div>
<div class="step notPerformed">Then I can see thankyou page <span class="keyword notPerformed">(NOT PERFORMED)</span></div>
<pre class="failure">net.serenitybdd.core.exceptions.SerenityManagedException: Unable to locate element: {&quot;method&quot;:&quot;id&quot;,&quot;selector&quot;:&quot;gdn-payment-option-KlikBCA&quot;}
Command duration or timeout: 2.10 seconds
For documentation on this error, please visit: http://seleniumhq.org/exceptions/no_such_element.html
Build info: version: '2.53.1', revision: 'a36b8b1cd5757287168e54b817830adce9b0158d', time: '2016-06-30 19:26:09'
System info: host: 'Azhalias-MacBook-Pro.local', ip: '127.0.0.1', os.name: 'Mac OS X', os.arch: 'x86_64', os.version: '10.12.5', java.version: '1.8.0_121'
Driver info: org.openqa.selenium.firefox.FirefoxDriver
Capabilities [{applicationCacheEnabled=true, rotatable=false, handlesAlerts=true, databaseEnabled=true, version=46.0.1, platform=MAC, nativeEvents=false, acceptSslCerts=true, webStorageEnabled=true, locationContextEnabled=true, browserName=firefox, takesScreenshot=true, javascriptEnabled=true, cssSelectorsEnabled=true}]
Session ID: e6cfb74c-b903-d14a-9ead-66b8d02a057c
*** Element info: {Using=id, value=gdn-payment-option-KlikBCA}
	at net.serenitybdd.core.exceptions.SerenityManagedException.detachedCopyOf(SerenityManagedException.java:20)
	at net.thucydides.core.steps.StepInterceptor.runTestStep(StepInterceptor.java:317)
	at net.thucydides.core.steps.StepInterceptor.testStepResult(StepInterceptor.java:130)
	at net.thucydides.core.steps.StepInterceptor.intercept(StepInterceptor.java:57)
	at com.blibli.Behaviour.BlibliHomePageBehaviour$$EnhancerByCGLIB$$80bb137.choosePayment(&lt;generated&gt;)
	at com.blibli.steps.DefinitionSteps.whenPaymentOptionChosen(DefinitionSteps.java:77)
	(reflection-invoke)
	at org.jbehave.core.steps.StepCreator$ParametrisedStep.perform(StepCreator.java:595)
	at org.jbehave.core.embedder.StoryRunner$FineSoFar.run(StoryRunner.java:566)
...</pre>
</div>
</div>
